[0612/105001.148:ERROR:process_info.cc(329)] VirtualQueryEx: Access is denied. (0x5)
[0612/105001.195:ERROR:process_info.cc(556)] ReadMemoryInfo failed
[0612/105001.195:ERROR:process_memory_win.cc(39)] Failed to initialize ProcessInfo.
[0612/105001.195:ERROR:scoped_process_suspend.cc(40)] NtResumeProcess: An attempt was made to access an exiting process. (0xc000010a)
[0616/143821.115:ERROR:process_reader_win.cc(123)] NtOpenThread: {Access Denied} A process has requested access to an object, but has not been granted those access rights. (0xc0000022)
[0616/143821.247:ERROR:exception_snapshot_win.cc(98)] thread ID 4768 not found in process
[0616/143821.471:ERROR:process_reader_win.cc(151)] SuspendThread: Access is denied. (0x5)
[0616/143821.475:ERROR:process_reader_win.cc(151)] SuspendThread: Access is denied. (0x5)
[0616/143821.475:ERROR:process_reader_win.cc(151)] SuspendThread: Access is denied. (0x5)
[0616/143821.475:ERROR:process_reader_win.cc(151)] SuspendThread: Access is denied. (0x5)
[0616/143821.479:ERROR:process_reader_win.cc(151)] SuspendThread: Access is denied. (0x5)
[0616/143821.479:ERROR:process_reader_win.cc(151)] SuspendThread: Access is denied. (0x5)
[0616/143821.479:ERROR:process_reader_win.cc(151)] SuspendThread: Access is denied. (0x5)
[0616/143821.479:ERROR:process_reader_win.cc(151)] SuspendThread: Access is denied. (0x5)
[0616/143821.479:ERROR:process_reader_win.cc(151)] SuspendThread: Access is denied. (0x5)
[0616/143821.479:ERROR:process_reader_win.cc(151)] SuspendThread: Access is denied. (0x5)
[0616/143821.479:ERROR:process_reader_win.cc(151)] SuspendThread: Access is denied. (0x5)
[0616/143821.479:ERROR:process_reader_win.cc(151)] SuspendThread: Access is denied. (0x5)
[0616/143821.479:ERROR:process_reader_win.cc(123)] NtOpenThread: {Access Denied} A process has requested access to an object, but has not been granted those access rights. (0xc0000022)
[0616/143821.479:ERROR:exception_snapshot_win.cc(98)] thread ID 12856 not found in process
[0616/143821.622:ERROR:process_reader_win.cc(151)] SuspendThread: Access is denied. (0x5)
[0616/143821.622:ERROR:process_reader_win.cc(151)] SuspendThread: Access is denied. (0x5)
[0616/143821.622:ERROR:process_reader_win.cc(151)] SuspendThread: Access is denied. (0x5)
[0616/143821.622:ERROR:process_reader_win.cc(151)] SuspendThread: Access is denied. (0x5)
[0616/143821.622:ERROR:process_reader_win.cc(151)] SuspendThread: Access is denied. (0x5)
[0616/143821.622:ERROR:process_reader_win.cc(151)] SuspendThread: Access is denied. (0x5)
[0616/143821.622:ERROR:process_reader_win.cc(151)] SuspendThread: Access is denied. (0x5)
[0616/143821.622:ERROR:process_reader_win.cc(151)] SuspendThread: Access is denied. (0x5)
[0616/143821.622:ERROR:process_reader_win.cc(151)] SuspendThread: Access is denied. (0x5)
[0616/143821.622:ERROR:process_reader_win.cc(151)] SuspendThread: Access is denied. (0x5)
[0616/143821.622:ERROR:process_reader_win.cc(123)] NtOpenThread: {Access Denied} A process has requested access to an object, but has not been granted those access rights. (0xc0000022)
[0616/143821.622:ERROR:exception_snapshot_win.cc(98)] thread ID 3900 not found in process
[0616/143821.762:ERROR:process_reader_win.cc(151)] SuspendThread: Access is denied. (0x5)
[0616/143821.762:ERROR:process_reader_win.cc(151)] SuspendThread: Access is denied. (0x5)
[0616/143821.762:ERROR:process_reader_win.cc(151)] SuspendThread: Access is denied. (0x5)
[0616/143821.762:ERROR:process_reader_win.cc(151)] SuspendThread: Access is denied. (0x5)
[0616/143821.762:ERROR:process_reader_win.cc(151)] SuspendThread: Access is denied. (0x5)
[0616/143821.762:ERROR:process_reader_win.cc(151)] SuspendThread: Access is denied. (0x5)
[0616/143821.762:ERROR:process_reader_win.cc(151)] SuspendThread: Access is denied. (0x5)
[0616/143821.762:ERROR:process_reader_win.cc(151)] SuspendThread: Access is denied. (0x5)
[0616/143821.762:ERROR:process_reader_win.cc(151)] SuspendThread: Access is denied. (0x5)
[0616/143821.762:ERROR:process_reader_win.cc(151)] SuspendThread: Access is denied. (0x5)
[0616/143821.762:ERROR:process_reader_win.cc(151)] SuspendThread: Access is denied. (0x5)
[0616/143821.762:ERROR:process_reader_win.cc(123)] NtOpenThread: {Access Denied} A process has requested access to an object, but has not been granted those access rights. (0xc0000022)
[0616/143821.762:ERROR:exception_snapshot_win.cc(98)] thread ID 8356 not found in process
[0616/143821.882:ERROR:process_reader_win.cc(151)] SuspendThread: Access is denied. (0x5)
[0616/143821.882:ERROR:process_reader_win.cc(151)] SuspendThread: Access is denied. (0x5)
[0616/143821.886:ERROR:process_reader_win.cc(151)] SuspendThread: Access is denied. (0x5)
[0616/143821.886:ERROR:process_reader_win.cc(151)] SuspendThread: Access is denied. (0x5)
[0616/143821.886:ERROR:process_reader_win.cc(151)] SuspendThread: Access is denied. (0x5)
[0616/143821.886:ERROR:process_reader_win.cc(151)] SuspendThread: Access is denied. (0x5)
[0616/143821.886:ERROR:process_reader_win.cc(151)] SuspendThread: Access is denied. (0x5)
[0616/143821.886:ERROR:process_reader_win.cc(123)] NtOpenThread: {Access Denied} A process has requested access to an object, but has not been granted those access rights. (0xc0000022)
[0616/143821.886:ERROR:exception_snapshot_win.cc(98)] thread ID 2744 not found in process
[0616/143821.890:ERROR:process_reader_win.cc(151)] SuspendThread: Access is denied. (0x5)
[0616/143821.890:ERROR:process_reader_win.cc(151)] SuspendThread: Access is denied. (0x5)
[0616/143821.890:ERROR:process_reader_win.cc(151)] SuspendThread: Access is denied. (0x5)
[0616/143821.890:ERROR:process_reader_win.cc(151)] SuspendThread: Access is denied. (0x5)
[0616/143821.890:ERROR:process_reader_win.cc(151)] SuspendThread: Access is denied. (0x5)
[0616/143821.890:ERROR:process_reader_win.cc(151)] SuspendThread: Access is denied. (0x5)
[0616/143821.890:ERROR:process_reader_win.cc(151)] SuspendThread: Access is denied. (0x5)
[0616/143821.890:ERROR:process_reader_win.cc(151)] SuspendThread: Access is denied. (0x5)
[0616/143821.890:ERROR:process_reader_win.cc(151)] SuspendThread: Access is denied. (0x5)
[0616/143821.890:ERROR:process_reader_win.cc(151)] SuspendThread: Access is denied. (0x5)
[0616/143821.890:ERROR:process_reader_win.cc(123)] NtOpenThread: {Access Denied} A process has requested access to an object, but has not been granted those access rights. (0xc0000022)
[0616/143821.890:ERROR:exception_snapshot_win.cc(98)] thread ID 11920 not found in process
[0616/143822.006:ERROR:process_reader_win.cc(151)] SuspendThread: Access is denied. (0x5)
[0616/143822.006:ERROR:process_reader_win.cc(151)] SuspendThread: Access is denied. (0x5)
[0616/143822.006:ERROR:process_reader_win.cc(151)] SuspendThread: Access is denied. (0x5)
[0616/143822.006:ERROR:process_reader_win.cc(151)] SuspendThread: Access is denied. (0x5)
[0616/143822.006:ERROR:process_reader_win.cc(151)] SuspendThread: Access is denied. (0x5)
[0616/143822.006:ERROR:process_reader_win.cc(151)] SuspendThread: Access is denied. (0x5)
[0616/143822.006:ERROR:process_reader_win.cc(151)] SuspendThread: Access is denied. (0x5)
[0616/143822.006:ERROR:process_reader_win.cc(151)] SuspendThread: Access is denied. (0x5)
[0616/143822.006:ERROR:process_reader_win.cc(151)] SuspendThread: Access is denied. (0x5)
[0616/143822.006:ERROR:process_reader_win.cc(151)] SuspendThread: Access is denied. (0x5)
[0616/143822.006:ERROR:process_reader_win.cc(123)] NtOpenThread: {Access Denied} A process has requested access to an object, but has not been granted those access rights. (0xc0000022)
[0616/143822.010:ERROR:exception_snapshot_win.cc(98)] thread ID 6384 not found in process
[0616/143822.122:ERROR:process_reader_win.cc(151)] SuspendThread: Access is denied. (0x5)
[0616/143822.122:ERROR:process_reader_win.cc(151)] SuspendThread: Access is denied. (0x5)
[0616/143822.122:ERROR:process_reader_win.cc(151)] SuspendThread: Access is denied. (0x5)
[0616/143822.122:ERROR:process_reader_win.cc(151)] SuspendThread: Access is denied. (0x5)
[0616/143822.122:ERROR:process_reader_win.cc(151)] SuspendThread: Access is denied. (0x5)
[0616/143822.122:ERROR:process_reader_win.cc(151)] SuspendThread: Access is denied. (0x5)
[0616/143822.122:ERROR:process_reader_win.cc(151)] SuspendThread: Access is denied. (0x5)
[0616/143822.122:ERROR:process_reader_win.cc(151)] SuspendThread: Access is denied. (0x5)
[0616/143822.122:ERROR:process_reader_win.cc(151)] SuspendThread: Access is denied. (0x5)
[0616/143822.122:ERROR:process_reader_win.cc(151)] SuspendThread: Access is denied. (0x5)
[0616/143822.122:ERROR:process_reader_win.cc(151)] SuspendThread: Access is denied. (0x5)
[0616/143822.122:ERROR:process_reader_win.cc(151)] SuspendThread: Access is denied. (0x5)
[0616/143822.122:ERROR:process_reader_win.cc(151)] SuspendThread: Access is denied. (0x5)
[0616/143822.122:ERROR:process_reader_win.cc(123)] NtOpenThread: {Access Denied} A process has requested access to an object, but has not been granted those access rights. (0xc0000022)
[0616/143822.122:ERROR:exception_snapshot_win.cc(98)] thread ID 12884 not found in process
[0616/143822.250:ERROR:process_reader_win.cc(151)] SuspendThread: Access is denied. (0x5)
[0616/143822.250:ERROR:process_reader_win.cc(151)] SuspendThread: Access is denied. (0x5)
[0616/143822.250:ERROR:process_reader_win.cc(151)] SuspendThread: Access is denied. (0x5)
[0616/143822.250:ERROR:process_reader_win.cc(151)] SuspendThread: Access is denied. (0x5)
[0616/143822.250:ERROR:process_reader_win.cc(151)] SuspendThread: Access is denied. (0x5)
[0616/143822.250:ERROR:process_reader_win.cc(151)] SuspendThread: Access is denied. (0x5)
[0616/143822.254:ERROR:process_reader_win.cc(123)] NtOpenThread: {Access Denied} A process has requested access to an object, but has not been granted those access rights. (0xc0000022)
[0616/143822.254:ERROR:exception_snapshot_win.cc(98)] thread ID 5204 not found in process
[0622/011002.777:ERROR:process_info.cc(329)] VirtualQueryEx: Access is denied. (0x5)
[0622/011002.827:ERROR:process_info.cc(556)] ReadMemoryInfo failed
[0622/011002.829:ERROR:scoped_process_suspend.cc(40)] NtResumeProcess: An attempt was made to access an exiting process. (0xc000010a)
[0622/011003.028:ERROR:process_reader_win.cc(151)] SuspendThread: Access is denied. (0x5)
[0622/011003.029:ERROR:process_reader_win.cc(151)] SuspendThread: Access is denied. (0x5)
[0622/011003.029:ERROR:process_reader_win.cc(151)] SuspendThread: Access is denied. (0x5)
[0622/011003.029:ERROR:process_reader_win.cc(151)] SuspendThread: Access is denied. (0x5)
[0622/011003.029:ERROR:process_reader_win.cc(151)] SuspendThread: Access is denied. (0x5)
[0622/011003.030:ERROR:process_reader_win.cc(151)] SuspendThread: Access is denied. (0x5)
[0622/011003.030:ERROR:process_reader_win.cc(151)] SuspendThread: Access is denied. (0x5)
[0622/011003.030:ERROR:process_reader_win.cc(151)] SuspendThread: Access is denied. (0x5)
[0622/011003.030:ERROR:process_reader_win.cc(151)] SuspendThread: Access is denied. (0x5)
[0622/011003.030:ERROR:process_reader_win.cc(151)] SuspendThread: Access is denied. (0x5)
[0622/011003.031:ERROR:process_reader_win.cc(151)] SuspendThread: Access is denied. (0x5)
[0622/011003.031:ERROR:process_reader_win.cc(151)] SuspendThread: Access is denied. (0x5)
[0622/011003.031:ERROR:process_reader_win.cc(151)] SuspendThread: Access is denied. (0x5)
[0622/011003.031:ERROR:process_reader_win.cc(123)] NtOpenThread: {Access Denied} A process has requested access to an object, but has not been granted those access rights. (0xc0000022)
[0622/011003.033:ERROR:exception_snapshot_win.cc(98)] thread ID 12144 not found in process
[0622/011003.062:ERROR:process_reader_win.cc(151)] SuspendThread: Access is denied. (0x5)
[0622/011003.064:ERROR:process_reader_win.cc(151)] SuspendThread: Access is denied. (0x5)
[0622/011003.064:ERROR:process_reader_win.cc(151)] SuspendThread: Access is denied. (0x5)
[0622/011003.064:ERROR:process_reader_win.cc(151)] SuspendThread: Access is denied. (0x5)
[0622/011003.064:ERROR:process_reader_win.cc(151)] SuspendThread: Access is denied. (0x5)
[0622/011003.065:ERROR:process_reader_win.cc(151)] SuspendThread: Access is denied. (0x5)
[0622/011003.065:ERROR:process_reader_win.cc(151)] SuspendThread: Access is denied. (0x5)
[0622/011003.079:ERROR:process_reader_win.cc(151)] SuspendThread: Access is denied. (0x5)
[0622/011003.088:ERROR:process_reader_win.cc(151)] SuspendThread: Access is denied. (0x5)
[0622/011003.089:ERROR:process_reader_win.cc(151)] SuspendThread: Access is denied. (0x5)
[0622/011003.089:ERROR:process_reader_win.cc(151)] SuspendThread: Access is denied. (0x5)
[0622/011003.088:ERROR:process_reader_win.cc(151)] SuspendThread: Access is denied. (0x5)
[0622/011003.089:ERROR:process_reader_win.cc(151)] SuspendThread: Access is denied. (0x5)
[0622/011003.090:ERROR:process_reader_win.cc(151)] SuspendThread: Access is denied. (0x5)
[0622/011003.089:ERROR:process_reader_win.cc(123)] NtOpenThread: {Access Denied} A process has requested access to an object, but has not been granted those access rights. (0xc0000022)
[0622/011003.090:ERROR:process_reader_win.cc(151)] SuspendThread: Access is denied. (0x5)
[0622/011003.090:ERROR:process_reader_win.cc(123)] NtOpenThread: {Access Denied} A process has requested access to an object, but has not been granted those access rights. (0xc0000022)
[0622/011003.091:ERROR:exception_snapshot_win.cc(98)] thread ID 10404 not found in process
[0622/011003.103:ERROR:process_reader_win.cc(151)] SuspendThread: Access is denied. (0x5)
[0622/011003.104:ERROR:process_reader_win.cc(151)] SuspendThread: Access is denied. (0x5)
[0622/011003.104:ERROR:process_reader_win.cc(151)] SuspendThread: Access is denied. (0x5)
[0622/011003.105:ERROR:process_reader_win.cc(151)] SuspendThread: Access is denied. (0x5)
[0622/011003.106:ERROR:process_reader_win.cc(151)] SuspendThread: Access is denied. (0x5)
[0622/011003.106:ERROR:process_reader_win.cc(151)] SuspendThread: Access is denied. (0x5)
[0622/011003.109:ERROR:process_reader_win.cc(151)] SuspendThread: Access is denied. (0x5)
[0622/011003.110:ERROR:process_reader_win.cc(123)] NtOpenThread: {Access Denied} A process has requested access to an object, but has not been granted those access rights. (0xc0000022)
[0622/011003.112:ERROR:exception_snapshot_win.cc(98)] thread ID 14776 not found in process
[0622/011003.119:ERROR:exception_snapshot_win.cc(98)] thread ID 7480 not found in process
[0622/011003.159:ERROR:process_reader_win.cc(151)] SuspendThread: Access is denied. (0x5)
[0622/011003.160:ERROR:process_reader_win.cc(151)] SuspendThread: Access is denied. (0x5)
[0622/011003.160:ERROR:process_reader_win.cc(151)] SuspendThread: Access is denied. (0x5)
[0622/011003.161:ERROR:process_reader_win.cc(151)] SuspendThread: Access is denied. (0x5)
[0622/011003.161:ERROR:process_reader_win.cc(151)] SuspendThread: Access is denied. (0x5)
[0622/011003.161:ERROR:process_reader_win.cc(151)] SuspendThread: Access is denied. (0x5)
[0622/011003.161:ERROR:process_reader_win.cc(151)] SuspendThread: Access is denied. (0x5)
[0622/011003.161:ERROR:process_reader_win.cc(123)] NtOpenThread: {Access Denied} A process has requested access to an object, but has not been granted those access rights. (0xc0000022)
[0622/011003.162:ERROR:exception_snapshot_win.cc(98)] thread ID 11284 not found in process
